0 info it worked if it ends with ok
1 verbose cli [ 'C:\\Program Files\\nodejs\\node.exe',
1 verbose cli   'C:\\Program Files\\nodejs\\node_modules\\npm\\bin\\npm-cli.js',
1 verbose cli   'start' ]
2 info using npm@3.10.10
3 info using node@v6.9.5
4 verbose run-script [ 'prestart', 'start', 'poststart' ]
5 info lifecycle aframe-hello-world-boilerplate@0.3.0~prestart: aframe-hello-world-boilerplate@0.3.0
6 silly lifecycle aframe-hello-world-boilerplate@0.3.0~prestart: no script for prestart, continuing
7 info lifecycle aframe-hello-world-boilerplate@0.3.0~start: aframe-hello-world-boilerplate@0.3.0
8 verbose lifecycle aframe-hello-world-boilerplate@0.3.0~start: unsafe-perm in lifecycle true
9 verbose lifecycle aframe-hello-world-boilerplate@0.3.0~start: PATH: C:\Program Files\nodejs\node_modules\npm\bin\node-gyp-bin;C:\Users\Caterina\Documents\GitHub\aframe\node_modules\.bin;C:\Program Files\Common Files\Microsoft Shared\Windows Live;C:\Program Files (x86)\Common Files\Microsoft Shared\Windows Live;C:\ProgramData\Oracle\Java\javapath;C:\Program Files (x86)\NVIDIA Corporation\PhysX\Common;C:\Program Files (x86)\Intel\iCLS Client\;C:\Program Files\Intel\iCLS Client\;C:\Windows\system32;C:\Windows;C:\Windows\System32\Wbem;C:\Windows\System32\WindowsPowerShell\v1.0\;C:\Program Files\Intel\Intel(R) Management Engine Components\DAL;C:\Program Files\Intel\Intel(R) Management Engine Components\IPT;C:\Program Files (x86)\Intel\Intel(R) Management Engine Components\DAL;C:\Program Files (x86)\Intel\Intel(R) Management Engine Components\IPT;C:\Program Files\Intel\WiFi\bin\;C:\Program Files\Common Files\Intel\WirelessCommon\;C:\Program Files\Common Files\Autodesk Shared\;C:\Windows\system32\config\systemprofile\.dnx\bin;C:\Program Files\Microsoft DNX\Dnvm\;C:\Program Files (x86)\Windows Kits\8.1\Windows Performance Toolkit\;C:\Program Files\Microsoft SQL Server\120\Tools\Binn\;C:\Program Files (x86)\Skype\Phone\;C:\Program Files (x86)\Autodesk\Backburner\;C:\Program Files (x86)\Windows Live\Shared;C:\Program Files\nodejs\;C:\Program Files\Intel\WiFi\bin\;C:\Program Files\Common Files\Intel\WirelessCommon\;C:\Users\Caterina\AppData\Roaming\npm
10 verbose lifecycle aframe-hello-world-boilerplate@0.3.0~start: CWD: C:\Users\Caterina\Documents\GitHub\aframe
11 silly lifecycle aframe-hello-world-boilerplate@0.3.0~start: Args: [ '/d /s /c', 'budo --live --verbose --port 3000 --open' ]
12 silly lifecycle aframe-hello-world-boilerplate@0.3.0~start: Returned: code: 3221225786  signal: null
13 info lifecycle aframe-hello-world-boilerplate@0.3.0~start: Failed to exec start script
14 verbose stack Error: aframe-hello-world-boilerplate@0.3.0 start: `budo --live --verbose --port 3000 --open`
14 verbose stack Exit status 3221225786
14 verbose stack     at EventEmitter.<anonymous> (C:\Program Files\nodejs\node_modules\npm\lib\utils\lifecycle.js:255:16)
14 verbose stack     at emitTwo (events.js:106:13)
14 verbose stack     at EventEmitter.emit (events.js:191:7)
14 verbose stack     at ChildProcess.<anonymous> (C:\Program Files\nodejs\node_modules\npm\lib\utils\spawn.js:40:14)
14 verbose stack     at emitTwo (events.js:106:13)
14 verbose stack     at ChildProcess.emit (events.js:191:7)
14 verbose stack     at maybeClose (internal/child_process.js:877:16)
14 verbose stack     at Process.ChildProcess._handle.onexit (internal/child_process.js:226:5)
15 verbose pkgid aframe-hello-world-boilerplate@0.3.0
16 verbose cwd C:\Users\Caterina\Documents\GitHub\aframe
17 error Windows_NT 6.1.7601
18 error argv "C:\\Program Files\\nodejs\\node.exe" "C:\\Program Files\\nodejs\\node_modules\\npm\\bin\\npm-cli.js" "start"
19 error node v6.9.5
20 error npm  v3.10.10
21 error code ELIFECYCLE
22 error aframe-hello-world-boilerplate@0.3.0 start: `budo --live --verbose --port 3000 --open`
22 error Exit status 3221225786
23 error Failed at the aframe-hello-world-boilerplate@0.3.0 start script 'budo --live --verbose --port 3000 --open'.
23 error Make sure you have the latest version of node.js and npm installed.
23 error If you do, this is most likely a problem with the aframe-hello-world-boilerplate package,
23 error not with npm itself.
23 error Tell the author that this fails on your system:
23 error     budo --live --verbose --port 3000 --open
23 error You can get information on how to open an issue for this project with:
23 error     npm bugs aframe-hello-world-boilerplate
23 error Or if that isn't available, you can get their info via:
23 error     npm owner ls aframe-hello-world-boilerplate
23 error There is likely additional logging output above.
24 verbose exit [ 1, true ]
